<?xml version="1.0" encoding="UTF-8"?>
<!-- Generated by org.testng.reporters.JUnitReportReporter -->
<testsuite hostname="Syeds-MBP" name="com.bdd.SkyGo.SkyGoSmokeTest.TestSkyGoApp" tests="7" failures="0" timestamp="24 Feb 2016 21:37:21 GMT" time="108.403" errors="1">
  <testcase name="testCatchUpLink" time="13.308" classname="com.bdd.SkyGo.SkyGoSmokeTest.TestSkyGoApp"/>
  <testcase name="testSearchButton" time="11.574" classname="com.bdd.SkyGo.SkyGoSmokeTest.TestSkyGoApp"/>
  <testcase name="testSignOutJourny" time="10.332" classname="com.bdd.SkyGo.SkyGoSmokeTest.TestSkyGoApp">
    <error type="org.openqa.selenium.NoSuchElementException" message="An element could not be located on the page using the given search parameters. (WARNING: The server did not provide any stacktrace information)
Command duration or timeout: 10.33 seconds
For documentation on this error, please visit: http://seleniumhq.org/exceptions/no_such_element.html
Build info: version: &#039;2.50.0&#039;, revision: &#039;1070ace4650453d518aeb03e7a9a36c9d264a8e7&#039;, time: &#039;2016-01-27 10:46:18&#039;
System info: host: &#039;Syeds-MBP&#039;, ip: &#039;192.168.0.2&#039;, os.name: &#039;Mac OS X&#039;, os.arch: &#039;x86_64&#039;, os.version: &#039;10.11.3&#039;, java.version: &#039;1.8.0_45&#039;
Driver info: io.appium.java_client.android.AndroidDriver
Capabilities [{appPackage=com.bskyb.skygo, networkConnectionEnabled=true, warnings={}, databaseEnabled=false, deviceName=3801345d2b389200, platform=LINUX, appActivity=com.bskyb.skygo.component.fragment.main.SkyGoActivity, desired={appPackage=com.bskyb.skygo, appActivity=com.bskyb.skygo.component.fragment.main.SkyGoActivity, newCommandTimeout=25, platformName=Android, deviceName=Android Device}, newCommandTimeout=25, platformVersion=4.4.4, webStorageEnabled=false, locationContextEnabled=false, browserName=Android, takesScreenshot=true, javascriptEnabled=true, platformName=Android}]
Session ID: 2b24488e-80b9-4f15-808f-d00a76622280
*** Element info: {Using=id, value=com.bskyb.skygo:id/settings_menu}">
      <![CDATA[org.openqa.selenium.NoSuchElementException: An element could not be located on the page using the given search parameters. (WARNING: The server did not provide any stacktrace information)
Command duration or timeout: 10.33 seconds
For documentation on this error, please visit: http://seleniumhq.org/exceptions/no_such_element.html
Build info: version: '2.50.0', revision: '1070ace4650453d518aeb03e7a9a36c9d264a8e7', time: '2016-01-27 10:46:18'
System info: host: 'Syeds-MBP', ip: '192.168.0.2', os.name: 'Mac OS X', os.arch: 'x86_64', os.version: '10.11.3', java.version: '1.8.0_45'
Driver info: io.appium.java_client.android.AndroidDriver
Capabilities [{appPackage=com.bskyb.skygo, networkConnectionEnabled=true, warnings={}, databaseEnabled=false, deviceName=3801345d2b389200, platform=LINUX, appActivity=com.bskyb.skygo.component.fragment.main.SkyGoActivity, desired={appPackage=com.bskyb.skygo, appActivity=com.bskyb.skygo.component.fragment.main.SkyGoActivity, newCommandTimeout=25, platformName=Android, deviceName=Android Device}, newCommandTimeout=25, platformVersion=4.4.4, webStorageEnabled=false, locationContextEnabled=false, browserName=Android, takesScreenshot=true, javascriptEnabled=true, platformName=Android}]
Session ID: 2b24488e-80b9-4f15-808f-d00a76622280
*** Element info: {Using=id, value=com.bskyb.skygo:id/settings_menu}
	at sun.reflect.NativeConstructorAccessorImpl.newInstance0(Native Method)
	at sun.reflect.NativeConstructorAccessorImpl.newInstance(NativeConstructorAccessorImpl.java:62)
	at sun.reflect.DelegatingConstructorAccessorImpl.newInstance(DelegatingConstructorAccessorImpl.java:45)
	at java.lang.reflect.Constructor.newInstance(Constructor.java:422)
	at org.openqa.selenium.remote.ErrorHandler.createThrowable(ErrorHandler.java:206)
	at org.openqa.selenium.remote.ErrorHandler.throwIfResponseFailed(ErrorHandler.java:158)
	at org.openqa.selenium.remote.RemoteWebDriver.execute(RemoteWebDriver.java:678)
	at io.appium.java_client.DefaultGenericMobileDriver.execute(DefaultGenericMobileDriver.java:42)
	at io.appium.java_client.AppiumDriver.execute(AppiumDriver.java:1)
	at io.appium.java_client.android.AndroidDriver.execute(AndroidDriver.java:1)
	at org.openqa.selenium.remote.RemoteWebDriver.findElement(RemoteWebDriver.java:363)
	at org.openqa.selenium.remote.RemoteWebDriver.findElementById(RemoteWebDriver.java:413)
	at io.appium.java_client.DefaultGenericMobileDriver.findElementById(DefaultGenericMobileDriver.java:62)
	at io.appium.java_client.AppiumDriver.findElementById(AppiumDriver.java:1)
	at io.appium.java_client.android.AndroidDriver.findElementById(AndroidDriver.java:1)
	at org.openqa.selenium.By$ById.findElement(By.java:218)
	at org.openqa.selenium.remote.RemoteWebDriver.findElement(RemoteWebDriver.java:355)
	at io.appium.java_client.DefaultGenericMobileDriver.findElement(DefaultGenericMobileDriver.java:52)
	at io.appium.java_client.AppiumDriver.findElement(AppiumDriver.java:1)
	at io.appium.java_client.android.AndroidDriver.findElement(AndroidDriver.java:1)
	at com.bdd.SkyGo.SkyGoSmokeTest.HomePageSkyGo.clickSettings(HomePageSkyGo.java:52)
	at com.bdd.SkyGo.SkyGoSmokeTest.TestSkyGoApp.testSignOutJourny(TestSkyGoApp.java:75)
	at sun.reflect.NativeMethodAccessorImpl.invoke0(Native Method)
	at sun.reflect.NativeMethodAccessorImpl.invoke(NativeMethodAccessorImpl.java:62)
	at sun.reflect.DelegatingMethodAccessorImpl.invoke(DelegatingMethodAccessorImpl.java:43)
	at java.lang.reflect.Method.invoke(Method.java:497)
	at org.testng.internal.MethodInvocationHelper.invokeMethod(MethodInvocationHelper.java:86)
	at org.testng.internal.Invoker.invokeMethod(Invoker.java:645)
	at org.testng.internal.Invoker.invokeTestMethod(Invoker.java:822)
	at org.testng.internal.Invoker.invokeTestMethods(Invoker.java:1130)
	at org.testng.internal.TestMethodWorker.invokeTestMethods(TestMethodWorker.java:129)
	at org.testng.internal.TestMethodWorker.run(TestMethodWorker.java:112)
	at org.testng.TestRunner.privateRun(TestRunner.java:782)
	at org.testng.TestRunner.run(TestRunner.java:632)
	at org.testng.SuiteRunner.runTest(SuiteRunner.java:366)
	at org.testng.SuiteRunner.runSequentially(SuiteRunner.java:361)
	at org.testng.SuiteRunner.privateRun(SuiteRunner.java:319)
	at org.testng.SuiteRunner.run(SuiteRunner.java:268)
	at org.testng.SuiteRunnerWorker.runSuite(SuiteRunnerWorker.java:52)
	at org.testng.SuiteRunnerWorker.run(SuiteRunnerWorker.java:86)
	at org.testng.TestNG.runSuitesSequentially(TestNG.java:1244)
	at org.testng.TestNG.runSuitesLocally(TestNG.java:1169)
	at org.testng.TestNG.run(TestNG.java:1064)
	at org.testng.remote.RemoteTestNG.run(RemoteTestNG.java:113)
	at org.testng.remote.RemoteTestNG.initAndRun(RemoteTestNG.java:206)
	at org.testng.remote.RemoteTestNG.main(RemoteTestNG.java:177)
]]>
    </error>
  </testcase> <!-- testSignOutJourny -->
  <testcase name="testSignInJourny" time="33.943" classname="com.bdd.SkyGo.SkyGoSmokeTest.TestSkyGoApp"/>
  <testcase name="testRunMovie" time="26.060" classname="com.bdd.SkyGo.SkyGoSmokeTest.TestSkyGoApp"/>
  <testcase name="testSkyBoxSetsLink" time="6.329" classname="com.bdd.SkyGo.SkyGoSmokeTest.TestSkyGoApp"/>
  <testcase name="testSportsLink" time="6.857" classname="com.bdd.SkyGo.SkyGoSmokeTest.TestSkyGoApp"/>
</testsuite> <!-- com.bdd.SkyGo.SkyGoSmokeTest.TestSkyGoApp -->
